Searching for include files...
Searching for example files...
Searching for images...
Searching for dot files...
Searching for files to exclude
Searching for files to process...
Searching for files in directory /home/www/rubens/webclient/scripts
Searching for files in directory /home/www/rubens/webclient/scripts/admin
Searching for files in directory /home/www/rubens/webclient/scripts/challenge
Searching for files in directory /home/www/rubens/webclient/scripts/chat
Searching for files in directory /home/www/rubens/webclient/scripts/connection
Searching for files in directory /home/www/rubens/webclient/scripts/contact
Searching for files in directory /home/www/rubens/webclient/scripts/data
Searching for files in directory /home/www/rubens/webclient/scripts/game
Searching for files in directory /home/www/rubens/webclient/scripts/gamecenter
Searching for files in directory /home/www/rubens/webclient/scripts/interface
Searching for files in directory /home/www/rubens/webclient/scripts/load
Searching for files in directory /home/www/rubens/webclient/scripts/login
Searching for files in directory /home/www/rubens/webclient/scripts/parser
Searching for files in directory /home/www/rubens/webclient/scripts/profile
Searching for files in directory /home/www/rubens/webclient/scripts/register
Searching for files in directory /home/www/rubens/webclient/scripts/room
Searching for files in directory /home/www/rubens/webclient/scripts/utils
Searching for files in directory /home/www/rubens/webclient/scripts/window
Searching for files in directory /home/www/rubens/webclient/scripts/xmpp_messages
Reading and parsing tag files
Preprocessing /home/www/rubens/webclient/scripts/admin/admin.js...
Parsing file /home/www/rubens/webclient/scripts/admin/admin.js...
Preprocessing /home/www/rubens/webclient/scripts/challenge/adjourn.js...
Parsing file /home/www/rubens/webclient/scripts/challenge/adjourn.js...
Preprocessing /home/www/rubens/webclient/scripts/challenge/announce.js...
Parsing file /home/www/rubens/webclient/scripts/challenge/announce.js...
Preprocessing /home/www/rubens/webclient/scripts/challenge/challenge.js...
Parsing file /home/www/rubens/webclient/scripts/challenge/challenge.js...
Preprocessing /home/www/rubens/webclient/scripts/chat/chat.js...
Parsing file /home/www/rubens/webclient/scripts/chat/chat.js...
Preprocessing /home/www/rubens/webclient/scripts/connection/connection.js...
Parsing file /home/www/rubens/webclient/scripts/connection/connection.js...
Preprocessing /home/www/rubens/webclient/scripts/contact/contact.js...
Parsing file /home/www/rubens/webclient/scripts/contact/contact.js...
Preprocessing /home/www/rubens/webclient/scripts/contact/info.js...
Parsing file /home/www/rubens/webclient/scripts/contact/info.js...
Preprocessing /home/www/rubens/webclient/scripts/contact/invite.js...
Parsing file /home/www/rubens/webclient/scripts/contact/invite.js...
Preprocessing /home/www/rubens/webclient/scripts/contact/online.js...
Parsing file /home/www/rubens/webclient/scripts/contact/online.js...
Preprocessing /home/www/rubens/webclient/scripts/contact/online_info.js...
Parsing file /home/www/rubens/webclient/scripts/contact/online_info.js...
Preprocessing /home/www/rubens/webclient/scripts/contact/search.js...
Parsing file /home/www/rubens/webclient/scripts/contact/search.js...
Preprocessing /home/www/rubens/webclient/scripts/contact/status.js...
Parsing file /home/www/rubens/webclient/scripts/contact/status.js...
Preprocessing /home/www/rubens/webclient/scripts/contact/user.js...
Parsing file /home/www/rubens/webclient/scripts/contact/user.js...
Preprocessing /home/www/rubens/webclient/scripts/data/consts.js...
Parsing file /home/www/rubens/webclient/scripts/data/consts.js...
Preprocessing /home/www/rubens/webclient/scripts/data/data.js...
Parsing file /home/www/rubens/webclient/scripts/data/data.js...
Preprocessing /home/www/rubens/webclient/scripts/game/currentgame.js...
Parsing file /home/www/rubens/webclient/scripts/game/currentgame.js...
Preprocessing /home/www/rubens/webclient/scripts/game/game.js...
Parsing file /home/www/rubens/webclient/scripts/game/game.js...
Preprocessing /home/www/rubens/webclient/scripts/game/oldgame.js...
Parsing file /home/www/rubens/webclient/scripts/game/oldgame.js...
Preprocessing /home/www/rubens/webclient/scripts/gamecenter/gamecenter.js...
Parsing file /home/www/rubens/webclient/scripts/gamecenter/gamecenter.js...
Preprocessing /home/www/rubens/webclient/scripts/interface/admin.js...
Parsing file /home/www/rubens/webclient/scripts/interface/admin.js...
Preprocessing /home/www/rubens/webclient/scripts/interface/admincenter.js...
Parsing file /home/www/rubens/webclient/scripts/interface/admincenter.js...
Preprocessing /home/www/rubens/webclient/scripts/interface/announce.js...
Parsing file /home/www/rubens/webclient/scripts/interface/announce.js...
Preprocessing /home/www/rubens/webclient/scripts/interface/board.js...
Parsing file /home/www/rubens/webclient/scripts/interface/board.js...
Preprocessing /home/www/rubens/webclient/scripts/interface/challenge.js...
Parsing file /home/www/rubens/webclient/scripts/interface/challenge.js...
Preprocessing /home/www/rubens/webclient/scripts/interface/challengemenu.js...
Parsing file /home/www/rubens/webclient/scripts/interface/challengemenu.js...
Preprocessing /home/www/rubens/webclient/scripts/interface/chat.js...
Parsing file /home/www/rubens/webclient/scripts/interface/chat.js...
Preprocessing /home/www/rubens/webclient/scripts/interface/contact.js...
Parsing file /home/www/rubens/webclient/scripts/interface/contact.js...
Preprocessing /home/www/rubens/webclient/scripts/interface/game.js...
Parsing file /home/www/rubens/webclient/scripts/interface/game.js...
Preprocessing /home/www/rubens/webclient/scripts/interface/gamecenter.js...
Parsing file /home/www/rubens/webclient/scripts/interface/gamecenter.js...
Preprocessing /home/www/rubens/webclient/scripts/interface/help.js...
Parsing file /home/www/rubens/webclient/scripts/interface/help.js...
Preprocessing /home/www/rubens/webclient/scripts/interface/interface.js...
Parsing file /home/www/rubens/webclient/scripts/interface/interface.js...
Preprocessing /home/www/rubens/webclient/scripts/interface/left.js...
Parsing file /home/www/rubens/webclient/scripts/interface/left.js...
Preprocessing /home/www/rubens/webclient/scripts/interface/load.js...
Parsing file /home/www/rubens/webclient/scripts/interface/load.js...
Preprocessing /home/www/rubens/webclient/scripts/interface/login.js...
Parsing file /home/www/rubens/webclient/scripts/interface/login.js...
Preprocessing /home/www/rubens/webclient/scripts/interface/oldgame.js...
Parsing file /home/www/rubens/webclient/scripts/interface/oldgame.js...
Preprocessing /home/www/rubens/webclient/scripts/interface/postpone.js...
Parsing file /home/www/rubens/webclient/scripts/interface/postpone.js...
Preprocessing /home/www/rubens/webclient/scripts/interface/profile.js...
Parsing file /home/www/rubens/webclient/scripts/interface/profile.js...
Preprocessing /home/www/rubens/webclient/scripts/interface/room.js...
Parsing file /home/www/rubens/webclient/scripts/interface/room.js...
Preprocessing /home/www/rubens/webclient/scripts/interface/top.js...
Parsing file /home/www/rubens/webclient/scripts/interface/top.js...
Preprocessing /home/www/rubens/webclient/scripts/interface/tourney.js...
Parsing file /home/www/rubens/webclient/scripts/interface/tourney.js...
Preprocessing /home/www/rubens/webclient/scripts/interface/user.js...
Parsing file /home/www/rubens/webclient/scripts/interface/user.js...
Preprocessing /home/www/rubens/webclient/scripts/interface/welcome.js...
Parsing file /home/www/rubens/webclient/scripts/interface/welcome.js...
Preprocessing /home/www/rubens/webclient/scripts/interface/window.js...
Parsing file /home/www/rubens/webclient/scripts/interface/window.js...
Preprocessing /home/www/rubens/webclient/scripts/load/load.js...
Parsing file /home/www/rubens/webclient/scripts/load/load.js...
Preprocessing /home/www/rubens/webclient/scripts/login/login.js...
Parsing file /home/www/rubens/webclient/scripts/login/login.js...
Preprocessing /home/www/rubens/webclient/scripts/parser/parser.js...
Parsing file /home/www/rubens/webclient/scripts/parser/parser.js...
Preprocessing /home/www/rubens/webclient/scripts/parser/parser_chat.js...
Parsing file /home/www/rubens/webclient/scripts/parser/parser_chat.js...
Preprocessing /home/www/rubens/webclient/scripts/parser/parser_iq.js...
Parsing file /home/www/rubens/webclient/scripts/parser/parser_iq.js...
Preprocessing /home/www/rubens/webclient/scripts/parser/parser_presence.js...
Parsing file /home/www/rubens/webclient/scripts/parser/parser_presence.js...
Preprocessing /home/www/rubens/webclient/scripts/profile/profile.js...
Parsing file /home/www/rubens/webclient/scripts/profile/profile.js...
Preprocessing /home/www/rubens/webclient/scripts/register/register.js...
Parsing file /home/www/rubens/webclient/scripts/register/register.js...
Preprocessing /home/www/rubens/webclient/scripts/room/room.js...
Parsing file /home/www/rubens/webclient/scripts/room/room.js...
Preprocessing /home/www/rubens/webclient/scripts/start.js...
Parsing file /home/www/rubens/webclient/scripts/start.js...
Preprocessing /home/www/rubens/webclient/scripts/utils/dragpiece.js...
Parsing file /home/www/rubens/webclient/scripts/utils/dragpiece.js...
Preprocessing /home/www/rubens/webclient/scripts/utils/dragwindow.js...
Parsing file /home/www/rubens/webclient/scripts/utils/dragwindow.js...
Preprocessing /home/www/rubens/webclient/scripts/utils/images.js...
Parsing file /home/www/rubens/webclient/scripts/utils/images.js...
Preprocessing /home/www/rubens/webclient/scripts/utils/utils.js...
Parsing file /home/www/rubens/webclient/scripts/utils/utils.js...
Preprocessing /home/www/rubens/webclient/scripts/window/window.js...
Parsing file /home/www/rubens/webclient/scripts/window/window.js...
Preprocessing /home/www/rubens/webclient/scripts/xmpp_messages/message.js...
Parsing file /home/www/rubens/webclient/scripts/xmpp_messages/message.js...
Building group list...
Building directory list...
Building namespace list...
Building file list...
Searching for included using directives...
Building class list...
Associating documentation with classes...
Computing nesting relations for classes...
Searching for members imported via using declarations...
Building example list...
Searching for enumerations...
Searching for documented variables...
Building member list...
Searching for friends...
Searching for documented defines...
Computing class inheritance relations...
Computing class usage relations...
Flushing cached template relations that have become invalid...
Creating members for template instances...
Computing class relations...
Add enum values to enums...
Searching for member function documentation...
Building page list...
Search for main page...
Computing page relations...
Determining the scope of groups...
Sorting lists...
Freeing entry tree
Determining which enums are documented
Computing member relations...
Building full member lists recursively...
Adding members to member groups.
Computing member references...
Inheriting documentation...
Generating disk names...
Adding source references...
Adding todo/test/bug list items...
Counting data structures...
Resolving user defined references...
Finding anchors and sections in the documentation...
Combining using relations...
Generating style sheet...
Generating index page...
Generating page index...
Generating example documentation...
Generating file sources...
Parsing code for file /home/www/rubens/webclient/scripts/admin/admin.js...
Parsing code for file /home/www/rubens/webclient/scripts/interface/admin.js...
Parsing code for file /home/www/rubens/webclient/scripts/challenge/adjourn.js...
Parsing code for file /home/www/rubens/webclient/scripts/challenge/announce.js...
Parsing code for file /home/www/rubens/webclient/scripts/interface/announce.js...
Parsing code for file /home/www/rubens/webclient/scripts/challenge/challenge.js...
Parsing code for file /home/www/rubens/webclient/scripts/interface/challenge.js...
Parsing code for file /home/www/rubens/webclient/scripts/chat/chat.js...
Parsing code for file /home/www/rubens/webclient/scripts/interface/chat.js...
Parsing code for file /home/www/rubens/webclient/scripts/connection/connection.js...
Parsing code for file /home/www/rubens/webclient/scripts/contact/contact.js...
Parsing code for file /home/www/rubens/webclient/scripts/interface/contact.js...
Parsing code for file /home/www/rubens/webclient/scripts/contact/info.js...
Parsing code for file /home/www/rubens/webclient/scripts/contact/invite.js...
Parsing code for file /home/www/rubens/webclient/scripts/contact/online.js...
Parsing code for file /home/www/rubens/webclient/scripts/contact/online_info.js...
Parsing code for file /home/www/rubens/webclient/scripts/contact/search.js...
Parsing code for file /home/www/rubens/webclient/scripts/contact/status.js...
Parsing code for file /home/www/rubens/webclient/scripts/contact/user.js...
Parsing code for file /home/www/rubens/webclient/scripts/interface/user.js...
Parsing code for file /home/www/rubens/webclient/scripts/data/consts.js...
Parsing code for file /home/www/rubens/webclient/scripts/data/data.js...
Parsing code for file /home/www/rubens/webclient/scripts/game/currentgame.js...
Parsing code for file /home/www/rubens/webclient/scripts/game/game.js...
Parsing code for file /home/www/rubens/webclient/scripts/interface/game.js...
Parsing code for file /home/www/rubens/webclient/scripts/game/oldgame.js...
Parsing code for file /home/www/rubens/webclient/scripts/interface/oldgame.js...
Parsing code for file /home/www/rubens/webclient/scripts/gamecenter/gamecenter.js...
Parsing code for file /home/www/rubens/webclient/scripts/interface/gamecenter.js...
Parsing code for file /home/www/rubens/webclient/scripts/interface/admincenter.js...
Parsing code for file /home/www/rubens/webclient/scripts/interface/board.js...
Parsing code for file /home/www/rubens/webclient/scripts/interface/challengemenu.js...
Parsing code for file /home/www/rubens/webclient/scripts/interface/help.js...
Parsing code for file /home/www/rubens/webclient/scripts/interface/interface.js...
Parsing code for file /home/www/rubens/webclient/scripts/interface/left.js...
Parsing code for file /home/www/rubens/webclient/scripts/interface/load.js...
Parsing code for file /home/www/rubens/webclient/scripts/load/load.js...
Parsing code for file /home/www/rubens/webclient/scripts/interface/login.js...
Parsing code for file /home/www/rubens/webclient/scripts/login/login.js...
Parsing code for file /home/www/rubens/webclient/scripts/interface/postpone.js...
Parsing code for file /home/www/rubens/webclient/scripts/interface/profile.js...
Parsing code for file /home/www/rubens/webclient/scripts/profile/profile.js...
Parsing code for file /home/www/rubens/webclient/scripts/interface/room.js...
Parsing code for file /home/www/rubens/webclient/scripts/room/room.js...
Parsing code for file /home/www/rubens/webclient/scripts/interface/top.js...
Parsing code for file /home/www/rubens/webclient/scripts/interface/tourney.js...
Parsing code for file /home/www/rubens/webclient/scripts/interface/welcome.js...
Parsing code for file /home/www/rubens/webclient/scripts/interface/window.js...
Parsing code for file /home/www/rubens/webclient/scripts/window/window.js...
Parsing code for file /home/www/rubens/webclient/scripts/parser/parser.js...
Parsing code for file /home/www/rubens/webclient/scripts/parser/parser_chat.js...
Parsing code for file /home/www/rubens/webclient/scripts/parser/parser_iq.js...
Parsing code for file /home/www/rubens/webclient/scripts/parser/parser_presence.js...
Parsing code for file /home/www/rubens/webclient/scripts/register/register.js...
Parsing code for file /home/www/rubens/webclient/scripts/start.js...
Parsing code for file /home/www/rubens/webclient/scripts/utils/dragpiece.js...
Parsing code for file /home/www/rubens/webclient/scripts/utils/dragwindow.js...
Parsing code for file /home/www/rubens/webclient/scripts/utils/images.js...
Parsing code for file /home/www/rubens/webclient/scripts/utils/utils.js...
Parsing code for file /home/www/rubens/webclient/scripts/xmpp_messages/message.js...
Generating file documentation...
Generating docs for file /home/www/rubens/webclient/scripts/admin/admin.js...
Generating docs for file /home/www/rubens/webclient/scripts/interface/admin.js...
Generating docs for file /home/www/rubens/webclient/scripts/challenge/adjourn.js...
Generating docs for file /home/www/rubens/webclient/scripts/challenge/announce.js...
Generating docs for file /home/www/rubens/webclient/scripts/interface/announce.js...
Generating docs for file /home/www/rubens/webclient/scripts/challenge/challenge.js...
Generating docs for file /home/www/rubens/webclient/scripts/interface/challenge.js...
Generating docs for file /home/www/rubens/webclient/scripts/chat/chat.js...
Generating docs for file /home/www/rubens/webclient/scripts/interface/chat.js...
Generating docs for file /home/www/rubens/webclient/scripts/connection/connection.js...
Generating docs for file /home/www/rubens/webclient/scripts/contact/contact.js...
Generating docs for file /home/www/rubens/webclient/scripts/interface/contact.js...
Generating docs for file /home/www/rubens/webclient/scripts/contact/info.js...
Generating docs for file /home/www/rubens/webclient/scripts/contact/invite.js...
Generating docs for file /home/www/rubens/webclient/scripts/contact/online.js...
Generating docs for file /home/www/rubens/webclient/scripts/contact/online_info.js...
Generating docs for file /home/www/rubens/webclient/scripts/contact/search.js...
Generating docs for file /home/www/rubens/webclient/scripts/contact/status.js...
Generating docs for file /home/www/rubens/webclient/scripts/contact/user.js...
Generating docs for file /home/www/rubens/webclient/scripts/interface/user.js...
Generating docs for file /home/www/rubens/webclient/scripts/data/consts.js...
Generating docs for file /home/www/rubens/webclient/scripts/data/data.js...
Generating docs for file /home/www/rubens/webclient/scripts/game/currentgame.js...
Generating docs for file /home/www/rubens/webclient/scripts/game/game.js...
Generating docs for file /home/www/rubens/webclient/scripts/interface/game.js...
Generating docs for file /home/www/rubens/webclient/scripts/game/oldgame.js...
Generating docs for file /home/www/rubens/webclient/scripts/interface/oldgame.js...
Generating docs for file /home/www/rubens/webclient/scripts/gamecenter/gamecenter.js...
Generating docs for file /home/www/rubens/webclient/scripts/interface/gamecenter.js...
Generating docs for file /home/www/rubens/webclient/scripts/interface/admincenter.js...
Generating docs for file /home/www/rubens/webclient/scripts/interface/board.js...
Generating docs for file /home/www/rubens/webclient/scripts/interface/challengemenu.js...
Generating docs for file /home/www/rubens/webclient/scripts/interface/help.js...
Generating docs for file /home/www/rubens/webclient/scripts/interface/interface.js...
Generating docs for file /home/www/rubens/webclient/scripts/interface/left.js...
Generating docs for file /home/www/rubens/webclient/scripts/interface/load.js...
Generating docs for file /home/www/rubens/webclient/scripts/load/load.js...
Generating docs for file /home/www/rubens/webclient/scripts/interface/login.js...
Generating docs for file /home/www/rubens/webclient/scripts/login/login.js...
Generating docs for file /home/www/rubens/webclient/scripts/interface/postpone.js...
Generating docs for file /home/www/rubens/webclient/scripts/interface/profile.js...
Generating docs for file /home/www/rubens/webclient/scripts/profile/profile.js...
Generating docs for file /home/www/rubens/webclient/scripts/interface/room.js...
Generating docs for file /home/www/rubens/webclient/scripts/room/room.js...
Generating docs for file /home/www/rubens/webclient/scripts/interface/top.js...
Generating docs for file /home/www/rubens/webclient/scripts/interface/tourney.js...
Generating docs for file /home/www/rubens/webclient/scripts/interface/welcome.js...
Generating docs for file /home/www/rubens/webclient/scripts/interface/window.js...
Generating docs for file /home/www/rubens/webclient/scripts/window/window.js...
Generating docs for file /home/www/rubens/webclient/scripts/parser/parser.js...
Generating docs for file /home/www/rubens/webclient/scripts/parser/parser_chat.js...
Generating docs for file /home/www/rubens/webclient/scripts/parser/parser_iq.js...
Generating docs for file /home/www/rubens/webclient/scripts/parser/parser_presence.js...
Generating docs for file /home/www/rubens/webclient/scripts/register/register.js...
Generating docs for file /home/www/rubens/webclient/scripts/start.js...
Generating docs for file /home/www/rubens/webclient/scripts/utils/dragpiece.js...
Generating docs for file /home/www/rubens/webclient/scripts/utils/dragwindow.js...
Generating docs for file /home/www/rubens/webclient/scripts/utils/images.js...
Generating docs for file /home/www/rubens/webclient/scripts/utils/utils.js...
Generating docs for file /home/www/rubens/webclient/scripts/xmpp_messages/message.js...
Generating page documentation...
Generating docs for page deprecated...
Generating group documentation...
Generating group index...
Generating class documentation...
Generating annotated compound index...
Generating hierarchical class index...
Generating member index...
Generating docs for compound DATA...
Generating docs for compound UserListObj...
Generating namespace index...
Generating namespace member index...
Generating graph info page...
Generating file index...
Generating example index...
Generating file member index...
